\BOOKMARK [0][-]{chapter.1}{\376\377\000I\000n\000t\000r\000o\000d\000u\000c\000t\000i\000o\000n}{}% 1
\BOOKMARK [0][-]{chapter.2}{\376\377\000C\000o\000l\000o\000s\000s\000a\000e}{}% 2
\BOOKMARK [1][-]{section.2.1}{\376\377\000G\000e\000o\000g\000r\000a\000p\000h\000y}{chapter.2}% 3
\BOOKMARK [1][-]{section.2.2}{\376\377\000C\000u\000l\000t\000u\000r\000e}{chapter.2}% 4
\BOOKMARK [1][-]{section.2.3}{\376\377\000H\000i\000s\000t\000o\000r\000y}{chapter.2}% 5
\BOOKMARK [1][-]{section.2.4}{\376\377\000B\000i\000b\000l\000i\000c\000a\000l\000\040\000R\000e\000f\000e\000r\000e\000n\000c\000e\000s}{chapter.2}% 6
\BOOKMARK [1][-]{section.2.5}{\376\377\000E\000p\000h\000e\000s\000i\000a\000n\000s\000\040\0004\000:\000\040\000I\000n\000s\000t\000r\000u\000c\000t\000i\000o\000n\000s\000\040\000t\000o\000\040\000F\000a\000m\000i\000l\000i\000e\000s}{chapter.2}% 7
\BOOKMARK [0][-]{chapter.3}{\376\377\000A\000p\000h\000r\000o\000d\000i\000s\000i\000a}{}% 8
\BOOKMARK [1][-]{section.3.1}{\376\377\000O\000r\000i\000g\000i\000n\000\040\000S\000t\000o\000r\000i\000e\000s}{chapter.3}% 9
\BOOKMARK [1][-]{section.3.2}{\376\377\000T\000e\000m\000p\000l\000e\000\040\000t\000o\000\040\000A\000d\000p\000h\000o\000d\000i\000t\000e}{chapter.3}% 10
\BOOKMARK [0][-]{chapter.4}{\376\377\000M\000u\000s\000e\000u\000m}{}% 11
\BOOKMARK [1][-]{section.4.1}{\376\377\000S\000e\000b\000a\000s\000t\000i\000e\000o\000n}{chapter.4}% 12
\BOOKMARK [1][-]{section.4.2}{\376\377\000K\000i\000n\000g\000d\000o\000m\000\040\000o\000f\000\040\000P\000r\000i\000e\000s\000t\000s}{chapter.4}% 13
\BOOKMARK [0][-]{chapter.5}{\376\377\000P\000h\000i\000l\000a\000d\000e\000l\000p\000h\000i\000a}{}% 14
\BOOKMARK [1][-]{section.5.1}{\376\377\000B\000a\000c\000k\000g\000r\000o\000u\000n\000d}{chapter.5}% 15
\BOOKMARK [1][-]{section.5.2}{\376\377\000C\000u\000l\000t\000u\000r\000e\000\040\000a\000n\000d\000\040\000i\000n\000d\000u\000s\000t\000r\000y}{chapter.5}% 16
\BOOKMARK [1][-]{section.5.3}{\376\377\000R\000e\000l\000i\000g\000i\000o\000n}{chapter.5}% 17
\BOOKMARK [1][-]{section.5.4}{\376\377\000H\000i\000s\000t\000o\000r\000y}{chapter.5}% 18
\BOOKMARK [0][-]{chapter.6}{\376\377\000A\000n\000t\000a\000l\000y\000a}{}% 19
\BOOKMARK [1][-]{section.6.1}{\376\377\000H\000i\000s\000t\000o\000r\000y}{chapter.6}% 20
\BOOKMARK [1][-]{section.6.2}{\376\377\000S\000a\000u\000l}{chapter.6}% 21
\BOOKMARK [0][-]{chapter.7}{\376\377\000A\000n\000t\000a\000l\000y\000a}{}% 22
\BOOKMARK [1][-]{section.7.1}{\376\377\000Z\000e\000a\000l}{chapter.7}% 23
\BOOKMARK [1][-]{section.7.2}{\376\377\000P\000a\000u\000l\000\040\000w\000e\000n\000t\000\040\000t\000o\000\040\000A\000r\000a\000b\000i\000a}{chapter.7}% 24
\BOOKMARK [1][-]{section.7.3}{\376\377\000W\000i\000l\000d\000e\000r\000n\000e\000s\000s}{chapter.7}% 25
\BOOKMARK [0][-]{chapter.8}{\376\377\000S\000a\000r\000d\000i\000s}{}% 26
\BOOKMARK [1][-]{section.8.1}{\376\377\000G\000o\000s\000p\000e\000l\000\040\000o\000f\000\040\000J\000o\000h\000n}{chapter.8}% 27
\BOOKMARK [1][-]{section.8.2}{\376\377\000V\000i\000n\000e\000y\000a\000r\000d\000s}{chapter.8}% 28
\BOOKMARK [1][-]{section.8.3}{\376\377\000W\000h\000a\000t\000\040\000a\000r\000e\000\040\000t\000h\000e\000\040\000f\000r\000u\000i\000t}{chapter.8}% 29
\BOOKMARK [1][-]{section.8.4}{\376\377\000J\000o\000h\000n\000\040\0001\0005\000-\0001\0007}{chapter.8}% 30
\BOOKMARK [0][-]{chapter.9}{\376\377\000S\000a\000r\000d\000i\000s\000\040\000S\000i\000t\000e}{}% 31
\BOOKMARK [1][-]{section.9.1}{\376\377\000H\000i\000s\000t\000o\000r\000y}{chapter.9}% 32
\BOOKMARK [1][-]{section.9.2}{\376\377\000B\000a\000t\000t\000l\000e\000\040\000w\000i\000t\000h\000\040\000C\000y\000r\000u\000s}{chapter.9}% 33
\BOOKMARK [0][-]{chapter.10}{\376\377\000T\000h\000y\000a\000t\000i\000r\000a}{}% 34
\BOOKMARK [1][-]{section.10.1}{\376\377\000C\000u\000l\000t\000u\000r\000e}{chapter.10}% 35
\BOOKMARK [1][-]{section.10.2}{\376\377\000D\000e\000e\000d\000s}{chapter.10}% 36
\BOOKMARK [1][-]{section.10.3}{\376\377\000F\000o\000o\000d\000\040\000s\000a\000c\000r\000i\000f\000i\000c\000e\000d\000\040\000t\000o\000\040\000i\000d\000o\000l\000s}{chapter.10}% 37
\BOOKMARK [0][-]{chapter.11}{\376\377\000P\000e\000r\000g\000a\000m\000u\000m}{}% 38
\BOOKMARK [1][-]{section.11.1}{\376\377\000G\000e\000o\000g\000r\000a\000p\000h\000y}{chapter.11}% 39
\BOOKMARK [1][-]{section.11.2}{\376\377\000H\000i\000s\000t\000o\000r\000y}{chapter.11}% 40
\BOOKMARK [1][-]{section.11.3}{\376\377\000T\000h\000r\000o\000n\000e\000\040\000o\000f\000\040\000S\000a\000t\000a\000n}{chapter.11}% 41
\BOOKMARK [0][-]{chapter.12}{\376\377\000S\000c\000r\000i\000p\000t\000u\000r\000e\000\040\000m\000e\000m\000o\000r\000i\000z\000a\000t\000i\000o\000n}{}% 42
\BOOKMARK [0][-]{chapter.13}{\376\377\000C\000o\000m\000m\000u\000n\000i\000c\000a\000t\000i\000o\000n\000\040\000R\000e\000s\000o\000u\000r\000c\000e\000s}{}% 43
